{"C:\\Fatima Github\\SE2\\src\\app.ts": {"path":"C:\\Fatima Github\\SE2\\src\\app.ts","statementMap":{"0":{"start":{"line":1,"column":22},"end":{"line":10,"column":4}},"1":{"start":{"line":12,"column":17},"end":{"line":18,"column":4}},"2":{"start":{"line":20,"column":16},"end":{"line":20,"column":17}},"3":{"start":{"line":23,"column":18},"end":{"line":23,"column":26}},"4":{"start":{"line":24,"column":19},"end":{"line":24,"column":21}},"5":{"start":{"line":26,"column":2},"end":{"line":28,"column":3}},"6":{"start":{"line":27,"column":4},"end":{"line":27,"column":81}},"7":{"start":{"line":29,"column":2},"end":{"line":31,"column":3}},"8":{"start":{"line":30,"column":4},"end":{"line":30,"column":55}},"9":{"start":{"line":33,"column":19},"end":{"line":33,"column":68}},"10":{"start":{"line":34,"column":2},"end":{"line":34,"column":24}},"11":{"start":{"line":36,"column":2},"end":{"line":36,"column":58}},"12":{"start":{"line":39,"column":23},"end":{"line":39,"column":78}},"13":{"start":{"line":39,"column":55},"end":{"line":39,"column":74}},"14":{"start":{"line":40,"column":2},"end":{"line":40,"column":46}},"15":{"start":{"line":43,"column":26},"end":{"line":43,"column":80}},"16":{"start":{"line":44,"column":2},"end":{"line":44,"column":64}},"17":{"start":{"line":47,"column":18},"end":{"line":47,"column":19}},"18":{"start":{"line":48,"column":23},"end":{"line":48,"column":65}},"19":{"start":{"line":48,"column":44},"end":{"line":48,"column":64}},"20":{"start":{"line":49,"column":2},"end":{"line":49,"column":48}},"21":{"start":{"line":52,"column":24},"end":{"line":52,"column":26}},"22":{"start":{"line":53,"column":27},"end":{"line":53,"column":75}},"23":{"start":{"line":53,"column":48},"end":{"line":53,"column":74}},"24":{"start":{"line":54,"column":2},"end":{"line":54,"column":68}}},"fnMap":{"0":{"name":"(anonymous_0)","decl":{"start":{"line":39,"column":37},"end":{"line":39,"column":38}},"loc":{"start":{"line":39,"column":55},"end":{"line":39,"column":74}}},"1":{"name":"(anonymous_1)","decl":{"start":{"line":48,"column":35},"end":{"line":48,"column":40}},"loc":{"start":{"line":48,"column":44},"end":{"line":48,"column":64}}},"2":{"name":"(anonymous_2)","decl":{"start":{"line":53,"column":39},"end":{"line":53,"column":44}},"loc":{"start":{"line":53,"column":48},"end":{"line":53,"column":74}}}},"branchMap":{"0":{"loc":{"start":{"line":26,"column":2},"end":{"line":28,"column":3}},"type":"if","locations":[{"start":{"line":26,"column":2},"end":{"line":28,"column":3}}]},"1":{"loc":{"start":{"line":29,"column":2},"end":{"line":31,"column":3}},"type":"if","locations":[{"start":{"line":29,"column":2},"end":{"line":31,"column":3}}]},"2":{"loc":{"start":{"line":43,"column":26},"end":{"line":43,"column":80}},"type":"cond-expr","locations":[{"start":{"line":43,"column":48},"end":{"line":43,"column":49}},{"start":{"line":43,"column":52},"end":{"line":43,"column":80}}]}},"s":{"0":0,"1":0,"2":0,"3":0,"4":0,"5":0,"6":0,"7":0,"8":0,"9":0,"10":0,"11":0,"12":0,"13":0,"14":0,"15":0,"16":0,"17":0,"18":0,"19":0,"20":0,"21":0,"22":0,"23":0,"24":0},"f":{"0":0,"1":0,"2":0},"b":{"0":[0],"1":[0],"2":[0,0]}}
,"C:\\Fatima Github\\SE2\\src\\index.ts": {"path":"C:\\Fatima Github\\SE2\\src\\index.ts","statementMap":{"0":{"start":{"line":1,"column":0},"end":{"line":1,"column":29}},"1":{"start":{"line":3,"column":17},"end":{"line":3,"column":27}},"2":{"start":{"line":4,"column":0},"end":{"line":4,"column":48}},"3":{"start":{"line":5,"column":0},"end":{"line":5,"column":41}}},"fnMap":{},"branchMap":{},"s":{"0":0,"1":0,"2":0,"3":0},"f":{},"b":{}}
,"C:\\Fatima Github\\SE2\\src\\config\\index.ts": {"path":"C:\\Fatima Github\\SE2\\src\\config\\index.ts","statementMap":{"0":{"start":{"line":1,"column":0},"end":{"line":1,"column":27}},"1":{"start":{"line":2,"column":0},"end":{"line":2,"column":23}},"2":{"start":{"line":4,"column":0},"end":{"line":4,"column":null}},"3":{"start":{"line":7,"column":0},"end":{"line":10,"column":null}}},"fnMap":{},"branchMap":{"0":{"loc":{"start":{"line":8,"column":9},"end":{"line":8,"column":46}},"type":"binary-expr","locations":[{"start":{"line":8,"column":9},"end":{"line":8,"column":29}},{"start":{"line":8,"column":33},"end":{"line":8,"column":46}}]},"1":{"loc":{"start":{"line":9,"column":12},"end":{"line":9,"column":50}},"type":"binary-expr","locations":[{"start":{"line":9,"column":12},"end":{"line":9,"column":30}},{"start":{"line":9,"column":34},"end":{"line":9,"column":50}}]}},"s":{"0":0,"1":0,"2":0,"3":0},"f":{},"b":{"0":[0,0],"1":[0,0]}}
}
